Circuit: Look Ahead Carry Adder

Rgnd: both pins shorted together -- ignoring.
Instance "m142": Length shorter than recommended for a level 1 MOSFET.
Instance "m142": Width narrower than recommended for a level 1 MOSFET.
Instance "m143": Length shorter than recommended for a level 1 MOSFET.
Instance "m143": Width narrower than recommended for a level 1 MOSFET.
Instance "m138": Length shorter than recommended for a level 1 MOSFET.
Instance "m138": Width narrower than recommended for a level 1 MOSFET.
Instance "m139": Length shorter than recommended for a level 1 MOSFET.
Instance "m139": Width narrower than recommended for a level 1 MOSFET.
Instance "m140": Length shorter than recommended for a level 1 MOSFET.
Instance "m140": Width narrower than recommended for a level 1 MOSFET.
Instance "m141": Length shorter than recommended for a level 1 MOSFET.
Instance "m141": Width narrower than recommended for a level 1 MOSFET.
Instance "m136": Length shorter than recommended for a level 1 MOSFET.
Instance "m136": Width narrower than recommended for a level 1 MOSFET.
Instance "m137": Length shorter than recommended for a level 1 MOSFET.
Instance "m137": Width narrower than recommended for a level 1 MOSFET.
Instance "m134": Length shorter than recommended for a level 1 MOSFET.
Instance "m134": Width narrower than recommended for a level 1 MOSFET.
Instance "m135": Length shorter than recommended for a level 1 MOSFET.
Instance "m135": Width narrower than recommended for a level 1 MOSFET.
Instance "m132": Length shorter than recommended for a level 1 MOSFET.
Instance "m132": Width narrower than recommended for a level 1 MOSFET.
Instance "m133": Length shorter than recommended for a level 1 MOSFET.
Instance "m133": Width narrower than recommended for a level 1 MOSFET.
Instance "m128": Length shorter than recommended for a level 1 MOSFET.
Instance "m128": Width narrower than recommended for a level 1 MOSFET.
Instance "m129": Length shorter than recommended for a level 1 MOSFET.
Instance "m129": Width narrower than recommended for a level 1 MOSFET.
Instance "m130": Length shorter than recommended for a level 1 MOSFET.
Instance "m130": Width narrower than recommended for a level 1 MOSFET.
Instance "m131": Length shorter than recommended for a level 1 MOSFET.
Instance "m131": Width narrower than recommended for a level 1 MOSFET.
Instance "m127": Length shorter than recommended for a level 1 MOSFET.
Instance "m127": Width narrower than recommended for a level 1 MOSFET.
Instance "m126": Length shorter than recommended for a level 1 MOSFET.
Instance "m126": Width narrower than recommended for a level 1 MOSFET.
Instance "m124": Length shorter than recommended for a level 1 MOSFET.
Instance "m124": Width narrower than recommended for a level 1 MOSFET.
Instance "m125": Length shorter than recommended for a level 1 MOSFET.
Instance "m125": Width narrower than recommended for a level 1 MOSFET.
Instance "m118": Length shorter than recommended for a level 1 MOSFET.
Instance "m118": Width narrower than recommended for a level 1 MOSFET.
Instance "m119": Length shorter than recommended for a level 1 MOSFET.
Instance "m119": Width narrower than recommended for a level 1 MOSFET.
Instance "m120": Length shorter than recommended for a level 1 MOSFET.
Instance "m120": Width narrower than recommended for a level 1 MOSFET.
Instance "m121": Length shorter than recommended for a level 1 MOSFET.
Instance "m121": Width narrower than recommended for a level 1 MOSFET.
Instance "m122": Length shorter than recommended for a level 1 MOSFET.
Instance "m122": Width narrower than recommended for a level 1 MOSFET.
Instance "m123": Length shorter than recommended for a level 1 MOSFET.
Instance "m123": Width narrower than recommended for a level 1 MOSFET.
Instance "m116": Length shorter than recommended for a level 1 MOSFET.
Instance "m116": Width narrower than recommended for a level 1 MOSFET.
Instance "m117": Length shorter than recommended for a level 1 MOSFET.
Instance "m117": Width narrower than recommended for a level 1 MOSFET.
Instance "m114": Length shorter than recommended for a level 1 MOSFET.
Instance "m114": Width narrower than recommended for a level 1 MOSFET.
Instance "m115": Length shorter than recommended for a level 1 MOSFET.
Instance "m115": Width narrower than recommended for a level 1 MOSFET.
Instance "m110": Length shorter than recommended for a level 1 MOSFET.
Instance "m110": Width narrower than recommended for a level 1 MOSFET.
Instance "m111": Length shorter than recommended for a level 1 MOSFET.
Instance "m111": Width narrower than recommended for a level 1 MOSFET.
Instance "m112": Length shorter than recommended for a level 1 MOSFET.
Instance "m112": Width narrower than recommended for a level 1 MOSFET.
Instance "m113": Length shorter than recommended for a level 1 MOSFET.
Instance "m113": Width narrower than recommended for a level 1 MOSFET.
Instance "m108": Length shorter than recommended for a level 1 MOSFET.
Instance "m108": Width narrower than recommended for a level 1 MOSFET.
Instance "m109": Length shorter than recommended for a level 1 MOSFET.
Instance "m109": Width narrower than recommended for a level 1 MOSFET.
Instance "m106": Length shorter than recommended for a level 1 MOSFET.
Instance "m106": Width narrower than recommended for a level 1 MOSFET.
Instance "m107": Length shorter than recommended for a level 1 MOSFET.
Instance "m107": Width narrower than recommended for a level 1 MOSFET.
Instance "m105": Length shorter than recommended for a level 1 MOSFET.
Instance "m105": Width narrower than recommended for a level 1 MOSFET.
Instance "m100": Length shorter than recommended for a level 1 MOSFET.
Instance "m100": Width narrower than recommended for a level 1 MOSFET.
Instance "m101": Length shorter than recommended for a level 1 MOSFET.
Instance "m101": Width narrower than recommended for a level 1 MOSFET.
Instance "m102": Length shorter than recommended for a level 1 MOSFET.
Instance "m102": Width narrower than recommended for a level 1 MOSFET.
Instance "m103": Length shorter than recommended for a level 1 MOSFET.
Instance "m103": Width narrower than recommended for a level 1 MOSFET.
Instance "m104": Length shorter than recommended for a level 1 MOSFET.
Instance "m104": Width narrower than recommended for a level 1 MOSFET.
Instance "m98": Length shorter than recommended for a level 1 MOSFET.
Instance "m98": Width narrower than recommended for a level 1 MOSFET.
Instance "m99": Length shorter than recommended for a level 1 MOSFET.
Instance "m99": Width narrower than recommended for a level 1 MOSFET.
Instance "m96": Length shorter than recommended for a level 1 MOSFET.
Instance "m96": Width narrower than recommended for a level 1 MOSFET.
Instance "m97": Length shorter than recommended for a level 1 MOSFET.
Instance "m97": Width narrower than recommended for a level 1 MOSFET.
Instance "m94": Length shorter than recommended for a level 1 MOSFET.
Instance "m94": Width narrower than recommended for a level 1 MOSFET.
Instance "m95": Length shorter than recommended for a level 1 MOSFET.
Instance "m95": Width narrower than recommended for a level 1 MOSFET.
Instance "m92": Length shorter than recommended for a level 1 MOSFET.
Instance "m92": Width narrower than recommended for a level 1 MOSFET.
Instance "m93": Length shorter than recommended for a level 1 MOSFET.
Instance "m93": Width narrower than recommended for a level 1 MOSFET.
Instance "m90": Length shorter than recommended for a level 1 MOSFET.
Instance "m90": Width narrower than recommended for a level 1 MOSFET.
Instance "m91": Length shorter than recommended for a level 1 MOSFET.
Instance "m91": Width narrower than recommended for a level 1 MOSFET.
Instance "m88": Length shorter than recommended for a level 1 MOSFET.
Instance "m88": Width narrower than recommended for a level 1 MOSFET.
Instance "m89": Length shorter than recommended for a level 1 MOSFET.
Instance "m89": Width narrower than recommended for a level 1 MOSFET.
Instance "m83": Length shorter than recommended for a level 1 MOSFET.
Instance "m83": Width narrower than recommended for a level 1 MOSFET.
Instance "m84": Length shorter than recommended for a level 1 MOSFET.
Instance "m84": Width narrower than recommended for a level 1 MOSFET.
Instance "m85": Length shorter than recommended for a level 1 MOSFET.
Instance "m85": Width narrower than recommended for a level 1 MOSFET.
Instance "m86": Length shorter than recommended for a level 1 MOSFET.
Instance "m86": Width narrower than recommended for a level 1 MOSFET.
Instance "m87": Length shorter than recommended for a level 1 MOSFET.
Instance "m87": Width narrower than recommended for a level 1 MOSFET.
Instance "m82": Length shorter than recommended for a level 1 MOSFET.
Instance "m82": Width narrower than recommended for a level 1 MOSFET.
Instance "m80": Length shorter than recommended for a level 1 MOSFET.
Instance "m80": Width narrower than recommended for a level 1 MOSFET.
Instance "m81": Length shorter than recommended for a level 1 MOSFET.
Instance "m81": Width narrower than recommended for a level 1 MOSFET.
Instance "m78": Length shorter than recommended for a level 1 MOSFET.
Instance "m78": Width narrower than recommended for a level 1 MOSFET.
Instance "m79": Length shorter than recommended for a level 1 MOSFET.
Instance "m79": Width narrower than recommended for a level 1 MOSFET.
Instance "m74": Length shorter than recommended for a level 1 MOSFET.
Instance "m74": Width narrower than recommended for a level 1 MOSFET.
Instance "m75": Length shorter than recommended for a level 1 MOSFET.
Instance "m75": Width narrower than recommended for a level 1 MOSFET.
Instance "m76": Length shorter than recommended for a level 1 MOSFET.
Instance "m76": Width narrower than recommended for a level 1 MOSFET.
Instance "m77": Length shorter than recommended for a level 1 MOSFET.
Instance "m77": Width narrower than recommended for a level 1 MOSFET.
Instance "m72": Length shorter than recommended for a level 1 MOSFET.
Instance "m72": Width narrower than recommended for a level 1 MOSFET.
Instance "m73": Length shorter than recommended for a level 1 MOSFET.
Instance "m73": Width narrower than recommended for a level 1 MOSFET.
Instance "m70": Length shorter than recommended for a level 1 MOSFET.
Instance "m70": Width narrower than recommended for a level 1 MOSFET.
Instance "m71": Length shorter than recommended for a level 1 MOSFET.
Instance "m71": Width narrower than recommended for a level 1 MOSFET.
Instance "m64": Length shorter than recommended for a level 1 MOSFET.
Instance "m64": Width narrower than recommended for a level 1 MOSFET.
Instance "m65": Length shorter than recommended for a level 1 MOSFET.
Instance "m65": Width narrower than recommended for a level 1 MOSFET.
Instance "m66": Length shorter than recommended for a level 1 MOSFET.
Instance "m66": Width narrower than recommended for a level 1 MOSFET.
Instance "m67": Length shorter than recommended for a level 1 MOSFET.
Instance "m67": Width narrower than recommended for a level 1 MOSFET.
Instance "m68": Length shorter than recommended for a level 1 MOSFET.
Instance "m68": Width narrower than recommended for a level 1 MOSFET.
Instance "m69": Length shorter than recommended for a level 1 MOSFET.
Instance "m69": Width narrower than recommended for a level 1 MOSFET.
Instance "m62": Length shorter than recommended for a level 1 MOSFET.
Instance "m62": Width narrower than recommended for a level 1 MOSFET.
Instance "m63": Length shorter than recommended for a level 1 MOSFET.
Instance "m63": Width narrower than recommended for a level 1 MOSFET.
Instance "m61": Length shorter than recommended for a level 1 MOSFET.
Instance "m61": Width narrower than recommended for a level 1 MOSFET.
Instance "m60": Length shorter than recommended for a level 1 MOSFET.
Instance "m60": Width narrower than recommended for a level 1 MOSFET.
Instance "m56": Length shorter than recommended for a level 1 MOSFET.
Instance "m56": Width narrower than recommended for a level 1 MOSFET.
Instance "m57": Length shorter than recommended for a level 1 MOSFET.
Instance "m57": Width narrower than recommended for a level 1 MOSFET.
Instance "m58": Length shorter than recommended for a level 1 MOSFET.
Instance "m58": Width narrower than recommended for a level 1 MOSFET.
Instance "m59": Length shorter than recommended for a level 1 MOSFET.
Instance "m59": Width narrower than recommended for a level 1 MOSFET.
Instance "m54": Length shorter than recommended for a level 1 MOSFET.
Instance "m54": Width narrower than recommended for a level 1 MOSFET.
Instance "m55": Length shorter than recommended for a level 1 MOSFET.
Instance "m55": Width narrower than recommended for a level 1 MOSFET.
Instance "m52": Length shorter than recommended for a level 1 MOSFET.
Instance "m52": Width narrower than recommended for a level 1 MOSFET.
Instance "m53": Length shorter than recommended for a level 1 MOSFET.
Instance "m53": Width narrower than recommended for a level 1 MOSFET.
Instance "m50": Length shorter than recommended for a level 1 MOSFET.
Instance "m50": Width narrower than recommended for a level 1 MOSFET.
Instance "m51": Length shorter than recommended for a level 1 MOSFET.
Instance "m51": Width narrower than recommended for a level 1 MOSFET.
Instance "m46": Length shorter than recommended for a level 1 MOSFET.
Instance "m46": Width narrower than recommended for a level 1 MOSFET.
Instance "m47": Length shorter than recommended for a level 1 MOSFET.
Instance "m47": Width narrower than recommended for a level 1 MOSFET.
Instance "m48": Length shorter than recommended for a level 1 MOSFET.
Instance "m48": Width narrower than recommended for a level 1 MOSFET.
Instance "m49": Length shorter than recommended for a level 1 MOSFET.
Instance "m49": Width narrower than recommended for a level 1 MOSFET.
Instance "m44": Length shorter than recommended for a level 1 MOSFET.
Instance "m44": Width narrower than recommended for a level 1 MOSFET.
Instance "m45": Length shorter than recommended for a level 1 MOSFET.
Instance "m45": Width narrower than recommended for a level 1 MOSFET.
Instance "m42": Length shorter than recommended for a level 1 MOSFET.
Instance "m42": Width narrower than recommended for a level 1 MOSFET.
Instance "m43": Length shorter than recommended for a level 1 MOSFET.
Instance "m43": Width narrower than recommended for a level 1 MOSFET.
Instance "m39": Length shorter than recommended for a level 1 MOSFET.
Instance "m39": Width narrower than recommended for a level 1 MOSFET.
Instance "m40": Length shorter than recommended for a level 1 MOSFET.
Instance "m40": Width narrower than recommended for a level 1 MOSFET.
Instance "m41": Length shorter than recommended for a level 1 MOSFET.
Instance "m41": Width narrower than recommended for a level 1 MOSFET.
Instance "m38": Length shorter than recommended for a level 1 MOSFET.
Instance "m38": Width narrower than recommended for a level 1 MOSFET.
Instance "m36": Length shorter than recommended for a level 1 MOSFET.
Instance "m36": Width narrower than recommended for a level 1 MOSFET.
Instance "m37": Length shorter than recommended for a level 1 MOSFET.
Instance "m37": Width narrower than recommended for a level 1 MOSFET.
Instance "m34": Length shorter than recommended for a level 1 MOSFET.
Instance "m34": Width narrower than recommended for a level 1 MOSFET.
Instance "m35": Length shorter than recommended for a level 1 MOSFET.
Instance "m35": Width narrower than recommended for a level 1 MOSFET.
Instance "m28": Length shorter than recommended for a level 1 MOSFET.
Instance "m28": Width narrower than recommended for a level 1 MOSFET.
Instance "m29": Length shorter than recommended for a level 1 MOSFET.
Instance "m29": Width narrower than recommended for a level 1 MOSFET.
Instance "m30": Length shorter than recommended for a level 1 MOSFET.
Instance "m30": Width narrower than recommended for a level 1 MOSFET.
Instance "m31": Length shorter than recommended for a level 1 MOSFET.
Instance "m31": Width narrower than recommended for a level 1 MOSFET.
Instance "m32": Length shorter than recommended for a level 1 MOSFET.
Instance "m32": Width narrower than recommended for a level 1 MOSFET.
Instance "m33": Length shorter than recommended for a level 1 MOSFET.
Instance "m33": Width narrower than recommended for a level 1 MOSFET.
Instance "m26": Length shorter than recommended for a level 1 MOSFET.
Instance "m26": Width narrower than recommended for a level 1 MOSFET.
Instance "m27": Length shorter than recommended for a level 1 MOSFET.
Instance "m27": Width narrower than recommended for a level 1 MOSFET.
Instance "m24": Length shorter than recommended for a level 1 MOSFET.
Instance "m24": Width narrower than recommended for a level 1 MOSFET.
Instance "m25": Length shorter than recommended for a level 1 MOSFET.
Instance "m25": Width narrower than recommended for a level 1 MOSFET.
Instance "m20": Length shorter than recommended for a level 1 MOSFET.
Instance "m20": Width narrower than recommended for a level 1 MOSFET.
Instance "m21": Length shorter than recommended for a level 1 MOSFET.
Instance "m21": Width narrower than recommended for a level 1 MOSFET.
Instance "m22": Length shorter than recommended for a level 1 MOSFET.
Instance "m22": Width narrower than recommended for a level 1 MOSFET.
Instance "m23": Length shorter than recommended for a level 1 MOSFET.
Instance "m23": Width narrower than recommended for a level 1 MOSFET.
Instance "m18": Length shorter than recommended for a level 1 MOSFET.
Instance "m18": Width narrower than recommended for a level 1 MOSFET.
Instance "m19": Length shorter than recommended for a level 1 MOSFET.
Instance "m19": Width narrower than recommended for a level 1 MOSFET.
Instance "m17": Length shorter than recommended for a level 1 MOSFET.
Instance "m17": Width narrower than recommended for a level 1 MOSFET.
Instance "m16": Length shorter than recommended for a level 1 MOSFET.
Instance "m16": Width narrower than recommended for a level 1 MOSFET.
Instance "m10": Length shorter than recommended for a level 1 MOSFET.
Instance "m10": Width narrower than recommended for a level 1 MOSFET.
Instance "m11": Length shorter than recommended for a level 1 MOSFET.
Instance "m11": Width narrower than recommended for a level 1 MOSFET.
Instance "m12": Length shorter than recommended for a level 1 MOSFET.
Instance "m12": Width narrower than recommended for a level 1 MOSFET.
Instance "m13": Length shorter than recommended for a level 1 MOSFET.
Instance "m13": Width narrower than recommended for a level 1 MOSFET.
Instance "m14": Length shorter than recommended for a level 1 MOSFET.
Instance "m14": Width narrower than recommended for a level 1 MOSFET.
Instance "m15": Length shorter than recommended for a level 1 MOSFET.
Instance "m15": Width narrower than recommended for a level 1 MOSFET.
Instance "m8": Length shorter than recommended for a level 1 MOSFET.
Instance "m8": Width narrower than recommended for a level 1 MOSFET.
Instance "m9": Length shorter than recommended for a level 1 MOSFET.
Instance "m9": Width narrower than recommended for a level 1 MOSFET.
Instance "m6": Length shorter than recommended for a level 1 MOSFET.
Instance "m6": Width narrower than recommended for a level 1 MOSFET.
Instance "m7": Length shorter than recommended for a level 1 MOSFET.
Instance "m7": Width narrower than recommended for a level 1 MOSFET.
Instance "m2": Length shorter than recommended for a level 1 MOSFET.
Instance "m2": Width narrower than recommended for a level 1 MOSFET.
Instance "m3": Length shorter than recommended for a level 1 MOSFET.
Instance "m3": Width narrower than recommended for a level 1 MOSFET.
Instance "m4": Length shorter than recommended for a level 1 MOSFET.
Instance "m4": Width narrower than recommended for a level 1 MOSFET.
Instance "m5": Length shorter than recommended for a level 1 MOSFET.
Instance "m5": Width narrower than recommended for a level 1 MOSFET.
Instance "m0": Length shorter than recommended for a level 1 MOSFET.
Instance "m0": Width narrower than recommended for a level 1 MOSFET.
Instance "m1": Length shorter than recommended for a level 1 MOSFET.
Instance "m1": Width narrower than recommended for a level 1 MOSFET.
Instance "m287": Length shorter than recommended for a level 1 MOSFET.
Instance "m287": Width narrower than recommended for a level 1 MOSFET.
Instance "m286": Length shorter than recommended for a level 1 MOSFET.
Instance "m286": Width narrower than recommended for a level 1 MOSFET.
Instance "m283": Length shorter than recommended for a level 1 MOSFET.
Instance "m283": Width narrower than recommended for a level 1 MOSFET.
Instance "m284": Length shorter than recommended for a level 1 MOSFET.
Instance "m284": Width narrower than recommended for a level 1 MOSFET.
Instance "m285": Length shorter than recommended for a level 1 MOSFET.
Instance "m285": Width narrower than recommended for a level 1 MOSFET.
Instance "m280": Length shorter than recommended for a level 1 MOSFET.
Instance "m280": Width narrower than recommended for a level 1 MOSFET.
Instance "m281": Length shorter than recommended for a level 1 MOSFET.
Instance "m281": Width narrower than recommended for a level 1 MOSFET.
Instance "m282": Length shorter than recommended for a level 1 MOSFET.
Instance "m282": Width narrower than recommended for a level 1 MOSFET.
Instance "m279": Length shorter than recommended for a level 1 MOSFET.
Instance "m279": Width narrower than recommended for a level 1 MOSFET.
Instance "m278": Length shorter than recommended for a level 1 MOSFET.
Instance "m278": Width narrower than recommended for a level 1 MOSFET.
Instance "m277": Length shorter than recommended for a level 1 MOSFET.
Instance "m277": Width narrower than recommended for a level 1 MOSFET.
Instance "m276": Length shorter than recommended for a level 1 MOSFET.
Instance "m276": Width narrower than recommended for a level 1 MOSFET.
Instance "m274": Length shorter than recommended for a level 1 MOSFET.
Instance "m274": Width narrower than recommended for a level 1 MOSFET.
Instance "m275": Length shorter than recommended for a level 1 MOSFET.
Instance "m275": Width narrower than recommended for a level 1 MOSFET.
Instance "m272": Length shorter than recommended for a level 1 MOSFET.
Instance "m272": Width narrower than recommended for a level 1 MOSFET.
Instance "m273": Length shorter than recommended for a level 1 MOSFET.
Instance "m273": Width narrower than recommended for a level 1 MOSFET.
Instance "m271": Length shorter than recommended for a level 1 MOSFET.
Instance "m271": Width narrower than recommended for a level 1 MOSFET.
Instance "m270": Length shorter than recommended for a level 1 MOSFET.
Instance "m270": Width narrower than recommended for a level 1 MOSFET.
Instance "m269": Length shorter than recommended for a level 1 MOSFET.
Instance "m269": Width narrower than recommended for a level 1 MOSFET.
Instance "m268": Length shorter than recommended for a level 1 MOSFET.
Instance "m268": Width narrower than recommended for a level 1 MOSFET.
Instance "m265": Length shorter than recommended for a level 1 MOSFET.
Instance "m265": Width narrower than recommended for a level 1 MOSFET.
Instance "m266": Length shorter than recommended for a level 1 MOSFET.
Instance "m266": Width narrower than recommended for a level 1 MOSFET.
Instance "m267": Length shorter than recommended for a level 1 MOSFET.
Instance "m267": Width narrower than recommended for a level 1 MOSFET.
Instance "m262": Length shorter than recommended for a level 1 MOSFET.
Instance "m262": Width narrower than recommended for a level 1 MOSFET.
Instance "m263": Length shorter than recommended for a level 1 MOSFET.
Instance "m263": Width narrower than recommended for a level 1 MOSFET.
Instance "m264": Length shorter than recommended for a level 1 MOSFET.
Instance "m264": Width narrower than recommended for a level 1 MOSFET.
Instance "m261": Length shorter than recommended for a level 1 MOSFET.
Instance "m261": Width narrower than recommended for a level 1 MOSFET.
Instance "m260": Length shorter than recommended for a level 1 MOSFET.
Instance "m260": Width narrower than recommended for a level 1 MOSFET.
Instance "m259": Length shorter than recommended for a level 1 MOSFET.
Instance "m259": Width narrower than recommended for a level 1 MOSFET.
Instance "m258": Length shorter than recommended for a level 1 MOSFET.
Instance "m258": Width narrower than recommended for a level 1 MOSFET.
Instance "m256": Length shorter than recommended for a level 1 MOSFET.
Instance "m256": Width narrower than recommended for a level 1 MOSFET.
Instance "m257": Length shorter than recommended for a level 1 MOSFET.
Instance "m257": Width narrower than recommended for a level 1 MOSFET.
Instance "m254": Length shorter than recommended for a level 1 MOSFET.
Instance "m254": Width narrower than recommended for a level 1 MOSFET.
Instance "m255": Length shorter than recommended for a level 1 MOSFET.
Instance "m255": Width narrower than recommended for a level 1 MOSFET.
Instance "m253": Length shorter than recommended for a level 1 MOSFET.
Instance "m253": Width narrower than recommended for a level 1 MOSFET.
Instance "m252": Length shorter than recommended for a level 1 MOSFET.
Instance "m252": Width narrower than recommended for a level 1 MOSFET.
Instance "m251": Length shorter than recommended for a level 1 MOSFET.
Instance "m251": Width narrower than recommended for a level 1 MOSFET.
Instance "m250": Length shorter than recommended for a level 1 MOSFET.
Instance "m250": Width narrower than recommended for a level 1 MOSFET.
Instance "m247": Length shorter than recommended for a level 1 MOSFET.
Instance "m247": Width narrower than recommended for a level 1 MOSFET.
Instance "m248": Length shorter than recommended for a level 1 MOSFET.
Instance "m248": Width narrower than recommended for a level 1 MOSFET.
Instance "m249": Length shorter than recommended for a level 1 MOSFET.
Instance "m249": Width narrower than recommended for a level 1 MOSFET.
Instance "m244": Length shorter than recommended for a level 1 MOSFET.
Instance "m244": Width narrower than recommended for a level 1 MOSFET.
Instance "m245": Length shorter than recommended for a level 1 MOSFET.
Instance "m245": Width narrower than recommended for a level 1 MOSFET.
Instance "m246": Length shorter than recommended for a level 1 MOSFET.
Instance "m246": Width narrower than recommended for a level 1 MOSFET.
Instance "m243": Length shorter than recommended for a level 1 MOSFET.
Instance "m243": Width narrower than recommended for a level 1 MOSFET.
Instance "m242": Length shorter than recommended for a level 1 MOSFET.
Instance "m242": Width narrower than recommended for a level 1 MOSFET.
Instance "m241": Length shorter than recommended for a level 1 MOSFET.
Instance "m241": Width narrower than recommended for a level 1 MOSFET.
Instance "m240": Length shorter than recommended for a level 1 MOSFET.
Instance "m240": Width narrower than recommended for a level 1 MOSFET.
Instance "m239": Length shorter than recommended for a level 1 MOSFET.
Instance "m239": Width narrower than recommended for a level 1 MOSFET.
Instance "m238": Length shorter than recommended for a level 1 MOSFET.
Instance "m238": Width narrower than recommended for a level 1 MOSFET.
Instance "m236": Length shorter than recommended for a level 1 MOSFET.
Instance "m236": Width narrower than recommended for a level 1 MOSFET.
Instance "m237": Length shorter than recommended for a level 1 MOSFET.
Instance "m237": Width narrower than recommended for a level 1 MOSFET.
Instance "m235": Length shorter than recommended for a level 1 MOSFET.
Instance "m235": Width narrower than recommended for a level 1 MOSFET.
Instance "m234": Length shorter than recommended for a level 1 MOSFET.
Instance "m234": Width narrower than recommended for a level 1 MOSFET.
Instance "m233": Length shorter than recommended for a level 1 MOSFET.
Instance "m233": Width narrower than recommended for a level 1 MOSFET.
Instance "m232": Length shorter than recommended for a level 1 MOSFET.
Instance "m232": Width narrower than recommended for a level 1 MOSFET.
Instance "m229": Length shorter than recommended for a level 1 MOSFET.
Instance "m229": Width narrower than recommended for a level 1 MOSFET.
Instance "m230": Length shorter than recommended for a level 1 MOSFET.
Instance "m230": Width narrower than recommended for a level 1 MOSFET.
Instance "m231": Length shorter than recommended for a level 1 MOSFET.
Instance "m231": Width narrower than recommended for a level 1 MOSFET.
Instance "m228": Length shorter than recommended for a level 1 MOSFET.
Instance "m228": Width narrower than recommended for a level 1 MOSFET.
Instance "m226": Length shorter than recommended for a level 1 MOSFET.
Instance "m226": Width narrower than recommended for a level 1 MOSFET.
Instance "m227": Length shorter than recommended for a level 1 MOSFET.
Instance "m227": Width narrower than recommended for a level 1 MOSFET.
Instance "m225": Length shorter than recommended for a level 1 MOSFET.
Instance "m225": Width narrower than recommended for a level 1 MOSFET.
Instance "m224": Length shorter than recommended for a level 1 MOSFET.
Instance "m224": Width narrower than recommended for a level 1 MOSFET.
Instance "m223": Length shorter than recommended for a level 1 MOSFET.
Instance "m223": Width narrower than recommended for a level 1 MOSFET.
Instance "m222": Length shorter than recommended for a level 1 MOSFET.
Instance "m222": Width narrower than recommended for a level 1 MOSFET.
Instance "m220": Length shorter than recommended for a level 1 MOSFET.
Instance "m220": Width narrower than recommended for a level 1 MOSFET.
Instance "m221": Length shorter than recommended for a level 1 MOSFET.
Instance "m221": Width narrower than recommended for a level 1 MOSFET.
Instance "m218": Length shorter than recommended for a level 1 MOSFET.
Instance "m218": Width narrower than recommended for a level 1 MOSFET.
Instance "m219": Length shorter than recommended for a level 1 MOSFET.
Instance "m219": Width narrower than recommended for a level 1 MOSFET.
Instance "m217": Length shorter than recommended for a level 1 MOSFET.
Instance "m217": Width narrower than recommended for a level 1 MOSFET.
Instance "m216": Length shorter than recommended for a level 1 MOSFET.
Instance "m216": Width narrower than recommended for a level 1 MOSFET.
Instance "m215": Length shorter than recommended for a level 1 MOSFET.
Instance "m215": Width narrower than recommended for a level 1 MOSFET.
Instance "m214": Length shorter than recommended for a level 1 MOSFET.
Instance "m214": Width narrower than recommended for a level 1 MOSFET.
Instance "m211": Length shorter than recommended for a level 1 MOSFET.
Instance "m211": Width narrower than recommended for a level 1 MOSFET.
Instance "m212": Length shorter than recommended for a level 1 MOSFET.
Instance "m212": Width narrower than recommended for a level 1 MOSFET.
Instance "m213": Length shorter than recommended for a level 1 MOSFET.
Instance "m213": Width narrower than recommended for a level 1 MOSFET.
Instance "m208": Length shorter than recommended for a level 1 MOSFET.
Instance "m208": Width narrower than recommended for a level 1 MOSFET.
Instance "m209": Length shorter than recommended for a level 1 MOSFET.
Instance "m209": Width narrower than recommended for a level 1 MOSFET.
Instance "m210": Length shorter than recommended for a level 1 MOSFET.
Instance "m210": Width narrower than recommended for a level 1 MOSFET.
Instance "m207": Length shorter than recommended for a level 1 MOSFET.
Instance "m207": Width narrower than recommended for a level 1 MOSFET.
Instance "m206": Length shorter than recommended for a level 1 MOSFET.
Instance "m206": Width narrower than recommended for a level 1 MOSFET.
Instance "m205": Length shorter than recommended for a level 1 MOSFET.
Instance "m205": Width narrower than recommended for a level 1 MOSFET.
Instance "m204": Length shorter than recommended for a level 1 MOSFET.
Instance "m204": Width narrower than recommended for a level 1 MOSFET.
Instance "m202": Length shorter than recommended for a level 1 MOSFET.
Instance "m202": Width narrower than recommended for a level 1 MOSFET.
Instance "m203": Length shorter than recommended for a level 1 MOSFET.
Instance "m203": Width narrower than recommended for a level 1 MOSFET.
Instance "m200": Length shorter than recommended for a level 1 MOSFET.
Instance "m200": Width narrower than recommended for a level 1 MOSFET.
Instance "m201": Length shorter than recommended for a level 1 MOSFET.
Instance "m201": Width narrower than recommended for a level 1 MOSFET.
Instance "m199": Length shorter than recommended for a level 1 MOSFET.
Instance "m199": Width narrower than recommended for a level 1 MOSFET.
Instance "m198": Length shorter than recommended for a level 1 MOSFET.
Instance "m198": Width narrower than recommended for a level 1 MOSFET.
Instance "m197": Length shorter than recommended for a level 1 MOSFET.
Instance "m197": Width narrower than recommended for a level 1 MOSFET.
Instance "m196": Length shorter than recommended for a level 1 MOSFET.
Instance "m196": Width narrower than recommended for a level 1 MOSFET.
Instance "m195": Length shorter than recommended for a level 1 MOSFET.
Instance "m195": Width narrower than recommended for a level 1 MOSFET.
Instance "m193": Length shorter than recommended for a level 1 MOSFET.
Instance "m193": Width narrower than recommended for a level 1 MOSFET.
Instance "m194": Length shorter than recommended for a level 1 MOSFET.
Instance "m194": Width narrower than recommended for a level 1 MOSFET.
Instance "m190": Length shorter than recommended for a level 1 MOSFET.
Instance "m190": Width narrower than recommended for a level 1 MOSFET.
Instance "m191": Length shorter than recommended for a level 1 MOSFET.
Instance "m191": Width narrower than recommended for a level 1 MOSFET.
Instance "m192": Length shorter than recommended for a level 1 MOSFET.
Instance "m192": Width narrower than recommended for a level 1 MOSFET.
Instance "m189": Length shorter than recommended for a level 1 MOSFET.
Instance "m189": Width narrower than recommended for a level 1 MOSFET.
Instance "m188": Length shorter than recommended for a level 1 MOSFET.
Instance "m188": Width narrower than recommended for a level 1 MOSFET.
Instance "m187": Length shorter than recommended for a level 1 MOSFET.
Instance "m187": Width narrower than recommended for a level 1 MOSFET.
Instance "m186": Length shorter than recommended for a level 1 MOSFET.
Instance "m186": Width narrower than recommended for a level 1 MOSFET.
Instance "m184": Length shorter than recommended for a level 1 MOSFET.
Instance "m184": Width narrower than recommended for a level 1 MOSFET.
Instance "m185": Length shorter than recommended for a level 1 MOSFET.
Instance "m185": Width narrower than recommended for a level 1 MOSFET.
Instance "m182": Length shorter than recommended for a level 1 MOSFET.
Instance "m182": Width narrower than recommended for a level 1 MOSFET.
Instance "m183": Length shorter than recommended for a level 1 MOSFET.
Instance "m183": Width narrower than recommended for a level 1 MOSFET.
Instance "m181": Length shorter than recommended for a level 1 MOSFET.
Instance "m181": Width narrower than recommended for a level 1 MOSFET.
Instance "m180": Length shorter than recommended for a level 1 MOSFET.
Instance "m180": Width narrower than recommended for a level 1 MOSFET.
Instance "m179": Length shorter than recommended for a level 1 MOSFET.
Instance "m179": Width narrower than recommended for a level 1 MOSFET.
Instance "m178": Length shorter than recommended for a level 1 MOSFET.
Instance "m178": Width narrower than recommended for a level 1 MOSFET.
Instance "m175": Length shorter than recommended for a level 1 MOSFET.
Instance "m175": Width narrower than recommended for a level 1 MOSFET.
Instance "m176": Length shorter than recommended for a level 1 MOSFET.
Instance "m176": Width narrower than recommended for a level 1 MOSFET.
Instance "m177": Length shorter than recommended for a level 1 MOSFET.
Instance "m177": Width narrower than recommended for a level 1 MOSFET.
Instance "m173": Length shorter than recommended for a level 1 MOSFET.
Instance "m173": Width narrower than recommended for a level 1 MOSFET.
Instance "m174": Length shorter than recommended for a level 1 MOSFET.
Instance "m174": Width narrower than recommended for a level 1 MOSFET.
Instance "m172": Length shorter than recommended for a level 1 MOSFET.
Instance "m172": Width narrower than recommended for a level 1 MOSFET.
Instance "m171": Length shorter than recommended for a level 1 MOSFET.
Instance "m171": Width narrower than recommended for a level 1 MOSFET.
Instance "m170": Length shorter than recommended for a level 1 MOSFET.
Instance "m170": Width narrower than recommended for a level 1 MOSFET.
Instance "m169": Length shorter than recommended for a level 1 MOSFET.
Instance "m169": Width narrower than recommended for a level 1 MOSFET.
Instance "m168": Length shorter than recommended for a level 1 MOSFET.
Instance "m168": Width narrower than recommended for a level 1 MOSFET.
Instance "m166": Length shorter than recommended for a level 1 MOSFET.
Instance "m166": Width narrower than recommended for a level 1 MOSFET.
Instance "m167": Length shorter than recommended for a level 1 MOSFET.
Instance "m167": Width narrower than recommended for a level 1 MOSFET.
Instance "m164": Length shorter than recommended for a level 1 MOSFET.
Instance "m164": Width narrower than recommended for a level 1 MOSFET.
Instance "m165": Length shorter than recommended for a level 1 MOSFET.
Instance "m165": Width narrower than recommended for a level 1 MOSFET.
Instance "m163": Length shorter than recommended for a level 1 MOSFET.
Instance "m163": Width narrower than recommended for a level 1 MOSFET.
Instance "m162": Length shorter than recommended for a level 1 MOSFET.
Instance "m162": Width narrower than recommended for a level 1 MOSFET.
Instance "m161": Length shorter than recommended for a level 1 MOSFET.
Instance "m161": Width narrower than recommended for a level 1 MOSFET.
Instance "m160": Length shorter than recommended for a level 1 MOSFET.
Instance "m160": Width narrower than recommended for a level 1 MOSFET.
Instance "m157": Length shorter than recommended for a level 1 MOSFET.
Instance "m157": Width narrower than recommended for a level 1 MOSFET.
Instance "m158": Length shorter than recommended for a level 1 MOSFET.
Instance "m158": Width narrower than recommended for a level 1 MOSFET.
Instance "m159": Length shorter than recommended for a level 1 MOSFET.
Instance "m159": Width narrower than recommended for a level 1 MOSFET.
Instance "m154": Length shorter than recommended for a level 1 MOSFET.
Instance "m154": Width narrower than recommended for a level 1 MOSFET.
Instance "m155": Length shorter than recommended for a level 1 MOSFET.
Instance "m155": Width narrower than recommended for a level 1 MOSFET.
Instance "m156": Length shorter than recommended for a level 1 MOSFET.
Instance "m156": Width narrower than recommended for a level 1 MOSFET.
Instance "m153": Length shorter than recommended for a level 1 MOSFET.
Instance "m153": Width narrower than recommended for a level 1 MOSFET.
Instance "m152": Length shorter than recommended for a level 1 MOSFET.
Instance "m152": Width narrower than recommended for a level 1 MOSFET.
Instance "m151": Length shorter than recommended for a level 1 MOSFET.
Instance "m151": Width narrower than recommended for a level 1 MOSFET.
Instance "m150": Length shorter than recommended for a level 1 MOSFET.
Instance "m150": Width narrower than recommended for a level 1 MOSFET.
Instance "m148": Length shorter than recommended for a level 1 MOSFET.
Instance "m148": Width narrower than recommended for a level 1 MOSFET.
Instance "m149": Length shorter than recommended for a level 1 MOSFET.
Instance "m149": Width narrower than recommended for a level 1 MOSFET.
Instance "m146": Length shorter than recommended for a level 1 MOSFET.
Instance "m146": Width narrower than recommended for a level 1 MOSFET.
Instance "m147": Length shorter than recommended for a level 1 MOSFET.
Instance "m147": Width narrower than recommended for a level 1 MOSFET.
Instance "m145": Length shorter than recommended for a level 1 MOSFET.
Instance "m145": Width narrower than recommended for a level 1 MOSFET.
Instance "m144": Length shorter than recommended for a level 1 MOSFET.
Instance "m144": Width narrower than recommended for a level 1 MOSFET.
Direct Newton iteration failed to find .op point.  (Use ".option noopiter" to skip.)
Starting Gmin stepping
Gmin = 10
Gmin = 1.07374
Gmin = 0.115292
Gmin = 0.0123794
Gmin = 0.00132923
Gmin = 0.000142725
Gmin = 1.5325e-005
Gmin = 1.6455e-006
Gmin = 1.76685e-007
Gmin = 1.89714e-008
Gmin = 2.03704e-009
Gmin = 2.18725e-010
Gmin = 2.34854e-011
Gmin = 2.52173e-012
Gmin = 2.70769e-013
Gmin = 0
Gmin stepping succeeded in finding the operating point.


Date: Thu Apr 17 23:12:37 2014
Total elapsed time: 0.728 seconds.

tnom = 27
temp = 27
method = modified trap
totiter = 3453
traniter = 3055
tranpoints = 1199
accept = 1160
rejected = 39
matrix size = 178
fillins = 100
solver = Normal
Thread vector: 150.7/72.3[4] 128.3/41.2[4] 37.2/17.1[4] 2.0/2.2[1]  2592/500
Matrix Compiler1: 28.3 KB object code size  12.5/7.7/[4.8]
Matrix Compiler2: 23.5 KB object code size  7.7/7.6/[4.0]


